2017-10-13 07:49:21 TestPrintDirectoryStructure [INFO] Testing existent file name
2017-10-13 07:49:21 TestPrintDirectoryStructure [INFO] Testing nonexistent file name
2017-10-13 07:49:21 TestPrintDirectoryStructure [INFO] Testing bad arguments
2017-10-13 07:49:21 TestPrintDirectoryStructure [INFO] Testing existent directory name
2017-10-13 07:53:38 TestPrintDirectoryStructure [INFO] Testing existent file name
2017-10-13 07:53:38 TestPrintDirectoryStructure [INFO] Testing nonexistent file name
2017-10-13 07:53:38 TestPrintDirectoryStructure [INFO] Testing bad arguments
2017-10-13 08:06:31 TestPrintDirectoryStructure [INFO] Testing bad arguments
2017-10-13 08:09:17 TestPrintDirectoryStructure [INFO] Testing nonexistent file name
2017-10-13 08:09:17 TestPrintDirectoryStructure [INFO] Testing bad arguments
2017-10-13 08:10:05 TestPrintDirectoryStructure [INFO] Testing nonexistent file name
2017-10-13 08:10:05 TestPrintDirectoryStructure [INFO] Testing bad arguments
2017-10-13 08:13:23 TestPrintDirectoryStructure [INFO] Testing nonexistent file name
2017-10-13 08:13:23 TestPrintDirectoryStructure [INFO] Testing bad arguments
2017-10-13 08:14:16 TestPrintDirectoryStructure [INFO] Testing existent file name
2017-10-13 08:14:16 TestPrintDirectoryStructure [INFO] Testing nonexistent file name
2017-10-13 08:14:16 TestPrintDirectoryStructure [INFO] Testing bad arguments
2017-10-13 08:16:28 TestPrintDirectoryStructure [INFO] Testing existent file name
2017-10-13 08:16:28 TestPrintDirectoryStructure [INFO] Testing nonexistent file name
2017-10-13 08:16:28 TestPrintDirectoryStructure [INFO] Testing bad arguments
2017-10-13 08:17:30 TestPrintDirectoryStructure [INFO] Testing existent file name
2017-10-13 08:17:30 TestPrintDirectoryStructure [INFO] Testing nonexistent file name
2017-10-13 08:17:30 TestPrintDirectoryStructure [INFO] Testing bad arguments
2017-10-13 08:36:36 TestPrintDirectoryStructure [INFO] Testing existent file name
2017-10-13 08:36:36 TestPrintDirectoryStructure [INFO] Testing nonexistent file name
2017-10-13 08:36:36 TestPrintDirectoryStructure [INFO] Testing bad arguments
2017-10-13 08:38:09 TestPrintDirectoryStructure [INFO] Testing existent file name
2017-10-13 08:38:09 TestPrintDirectoryStructure [INFO] Testing nonexistent file name
2017-10-13 08:38:09 TestPrintDirectoryStructure [INFO] Testing bad arguments
2017-10-13 08:44:37 TestPrintDirectoryStructure [INFO] Testing existent file name
2017-10-13 08:44:37 TestPrintDirectoryStructure [INFO] Testing nonexistent file name
2017-10-13 08:44:37 TestPrintDirectoryStructure [INFO] Testing bad arguments
2017-10-13 08:44:37 TestPrintDirectoryStructure [INFO] Testing existent director name
2017-10-13 08:49:46 TestPrintDirectoryStructure [INFO] Testing existent file name
2017-10-13 08:49:46 TestPrintDirectoryStructure [INFO] Testing nonexistent file name
2017-10-13 08:49:46 TestPrintDirectoryStructure [INFO] Testing bad arguments
2017-10-13 08:49:46 TestPrintDirectoryStructure [INFO] Testing existent director name
2017-10-13 08:50:02 TestPrintDirectoryStructure [INFO] Testing existent file name
2017-10-13 08:50:02 TestPrintDirectoryStructure [INFO] Testing nonexistent file name
2017-10-13 08:50:02 TestPrintDirectoryStructure [INFO] Testing bad arguments
2017-10-13 08:50:02 TestPrintDirectoryStructure [INFO] Testing existent director name
2017-10-13 08:50:34 TestPrintDirectoryStructure [INFO] Testing existent file name
2017-10-13 08:50:34 TestPrintDirectoryStructure [INFO] Testing nonexistent file name
2017-10-13 08:50:34 TestPrintDirectoryStructure [INFO] Testing bad arguments
2017-10-13 08:50:34 TestPrintDirectoryStructure [INFO] Testing existent director name
2017-10-13 08:50:41 TestPrintDirectoryStructure [INFO] Testing existent file name
2017-10-13 08:50:41 TestPrintDirectoryStructure [INFO] Testing nonexistent file name
2017-10-13 08:50:41 TestPrintDirectoryStructure [INFO] Testing bad arguments
2017-10-13 08:50:41 TestPrintDirectoryStructure [INFO] Testing existent director name
2017-10-13 08:51:47 TestPrintDirectoryStructure [INFO] Testing existent file name
2017-10-13 08:51:47 TestPrintDirectoryStructure [INFO] Testing nonexistent file name
2017-10-13 08:51:47 TestPrintDirectoryStructure [INFO] Testing bad arguments
2017-10-13 08:51:47 TestPrintDirectoryStructure [INFO] Testing existent director name
2017-10-13 08:51:59 TestPrintDirectoryStructure [INFO] Testing existent file name
2017-10-13 08:51:59 TestPrintDirectoryStructure [INFO] Testing nonexistent file name
2017-10-13 08:51:59 TestPrintDirectoryStructure [INFO] Testing bad arguments
2017-10-13 08:51:59 TestPrintDirectoryStructure [INFO] Testing existent director name
2017-10-13 08:54:48 TestPrintDirectoryStructure [INFO] Testing existent file name
2017-10-13 08:54:48 TestPrintDirectoryStructure [INFO] Testing bad arguments
2017-10-13 08:54:48 TestPrintDirectoryStructure [INFO] Testing existent directory name
2017-10-13 08:54:48 TestPrintDirectoryStructure [INFO] Testing bad file name
